<?xml version="1.0" encoding="UTF-8"?>
<!-- Generated by org.testng.reporters.JUnitReportReporter -->
<testsuite hostname="Nag-PC" name="sample.Dropdown_Count" tests="1" failures="0" timestamp="7 Aug 2015 02:25:42 GMT" time="12.916" errors="0">
  <testcase name="testFirefox_test" time="12.916" classname="sample.Dropdown_Count"/>
</testsuite> <!-- sample.Dropdown_Count -->
