<?xml version="1.0" encoding="UTF-8"?>
<!-- Generated by org.testng.reporters.JUnitReportReporter -->
<testsuite hostname="Nag-PC" name="sample.Maven_TestNG" tests="1" failures="0" timestamp="7 Aug 2015 02:16:10 GMT" time="0.005" errors="0">
  <testcase name="f" time="0.005" classname="sample.Maven_TestNG"/>
</testsuite> <!-- sample.Maven_TestNG -->
